2025-12-18 16:02:50: Warning: connect.session() MemoryStore is not
designed for a production environment, as it will leak
memory, and will not scale past a single process.
Error: bind EADDRINUSE null:3001
    at listenOnPrimaryHandle (node:net:1940:18)
    at rr (node:internal/cluster/child:163:12)
    at Worker.<anonymous> (node:internal/cluster/child:113:7)
    at process.onInternalMessage (node:internal/cluster/utils:49:5)
    at process.emit (node:events:526:35)
    at process.emit (/Users/Macbookpro/.npm-global/lib/node_modules/pm2/node_modules/source-map-support/source-map-support.js:516:21)
    at emit (node:internal/child_process:951:14)
    at processTicksAndRejections (node:internal/process/task_queues:83:21)
2025-12-18 16:02:50: Warning: connect.session() MemoryStore is not
designed for a production environment, as it will leak
memory, and will not scale past a single process.
Error: bind EADDRINUSE null:3001
    at listenOnPrimaryHandle (node:net:1940:18)
    at rr (node:internal/cluster/child:163:12)
    at Worker.<anonymous> (node:internal/cluster/child:113:7)
    at process.onInternalMessage (node:internal/cluster/utils:49:5)
    at process.emit (node:events:526:35)
    at process.emit (/Users/Macbookpro/.npm-global/lib/node_modules/pm2/node_modules/source-map-support/source-map-support.js:516:21)
    at emit (node:internal/child_process:951:14)
    at processTicksAndRejections (node:internal/process/task_queues:83:21)
2025-12-18 16:02:50: Warning: connect.session() MemoryStore is not
designed for a production environment, as it will leak
memory, and will not scale past a single process.
Error: bind EADDRINUSE null:3001
    at listenOnPrimaryHandle (node:net:1940:18)
    at rr (node:internal/cluster/child:163:12)
    at Worker.<anonymous> (node:internal/cluster/child:113:7)
    at process.onInternalMessage (node:internal/cluster/utils:49:5)
    at process.emit (node:events:526:35)
    at process.emit (/Users/Macbookpro/.npm-global/lib/node_modules/pm2/node_modules/source-map-support/source-map-support.js:516:21)
    at emit (node:internal/child_process:951:14)
    at processTicksAndRejections (node:internal/process/task_queues:83:21)
2025-12-18 16:02:51: Warning: connect.session() MemoryStore is not
designed for a production environment, as it will leak
memory, and will not scale past a single process.
Error: bind EADDRINUSE null:3001
    at listenOnPrimaryHandle (node:net:1940:18)
    at rr (node:internal/cluster/child:163:12)
    at Worker.<anonymous> (node:internal/cluster/child:113:7)
    at process.onInternalMessage (node:internal/cluster/utils:49:5)
    at process.emit (node:events:526:35)
    at process.emit (/Users/Macbookpro/.npm-global/lib/node_modules/pm2/node_modules/source-map-support/source-map-support.js:516:21)
    at emit (node:internal/child_process:951:14)
    at processTicksAndRejections (node:internal/process/task_queues:83:21)
2025-12-18 16:02:51: Warning: connect.session() MemoryStore is not
designed for a production environment, as it will leak
memory, and will not scale past a single process.
Error: bind EADDRINUSE null:3001
    at listenOnPrimaryHandle (node:net:1940:18)
    at rr (node:internal/cluster/child:163:12)
    at Worker.<anonymous> (node:internal/cluster/child:113:7)
    at process.onInternalMessage (node:internal/cluster/utils:49:5)
    at process.emit (node:events:526:35)
    at process.emit (/Users/Macbookpro/.npm-global/lib/node_modules/pm2/node_modules/source-map-support/source-map-support.js:516:21)
    at emit (node:internal/child_process:951:14)
    at processTicksAndRejections (node:internal/process/task_queues:83:21)
2025-12-18 16:02:51: Warning: connect.session() MemoryStore is not
designed for a production environment, as it will leak
memory, and will not scale past a single process.
Error: bind EADDRINUSE null:3001
    at listenOnPrimaryHandle (node:net:1940:18)
    at rr (node:internal/cluster/child:163:12)
    at Worker.<anonymous> (node:internal/cluster/child:113:7)
    at process.onInternalMessage (node:internal/cluster/utils:49:5)
    at process.emit (node:events:526:35)
    at process.emit (/Users/Macbookpro/.npm-global/lib/node_modules/pm2/node_modules/source-map-support/source-map-support.js:516:21)
    at emit (node:internal/child_process:951:14)
    at processTicksAndRejections (node:internal/process/task_queues:83:21)
2025-12-18 16:02:51: Warning: connect.session() MemoryStore is not
designed for a production environment, as it will leak
memory, and will not scale past a single process.
Error: bind EADDRINUSE null:3001
    at listenOnPrimaryHandle (node:net:1940:18)
    at rr (node:internal/cluster/child:163:12)
    at Worker.<anonymous> (node:internal/cluster/child:113:7)
    at process.onInternalMessage (node:internal/cluster/utils:49:5)
    at process.emit (node:events:526:35)
    at process.emit (/Users/Macbookpro/.npm-global/lib/node_modules/pm2/node_modules/source-map-support/source-map-support.js:516:21)
    at emit (node:internal/child_process:951:14)
    at processTicksAndRejections (node:internal/process/task_queues:83:21)
2025-12-18 16:02:51: Warning: connect.session() MemoryStore is not
designed for a production environment, as it will leak
memory, and will not scale past a single process.
Error: bind EADDRINUSE null:3001
    at listenOnPrimaryHandle (node:net:1940:18)
    at rr (node:internal/cluster/child:163:12)
    at Worker.<anonymous> (node:internal/cluster/child:113:7)
    at process.onInternalMessage (node:internal/cluster/utils:49:5)
    at process.emit (node:events:526:35)
    at process.emit (/Users/Macbookpro/.npm-global/lib/node_modules/pm2/node_modules/source-map-support/source-map-support.js:516:21)
    at emit (node:internal/child_process:951:14)
    at processTicksAndRejections (node:internal/process/task_queues:83:21)
2025-12-18 16:02:51: Warning: connect.session() MemoryStore is not
designed for a production environment, as it will leak
memory, and will not scale past a single process.
Error: bind EADDRINUSE null:3001
    at listenOnPrimaryHandle (node:net:1940:18)
    at rr (node:internal/cluster/child:163:12)
    at Worker.<anonymous> (node:internal/cluster/child:113:7)
    at process.onInternalMessage (node:internal/cluster/utils:49:5)
    at process.emit (node:events:526:35)
    at process.emit (/Users/Macbookpro/.npm-global/lib/node_modules/pm2/node_modules/source-map-support/source-map-support.js:516:21)
    at emit (node:internal/child_process:951:14)
    at processTicksAndRejections (node:internal/process/task_queues:83:21)
2025-12-18 16:02:52: Warning: connect.session() MemoryStore is not
designed for a production environment, as it will leak
memory, and will not scale past a single process.
Error: bind EADDRINUSE null:3001
    at listenOnPrimaryHandle (node:net:1940:18)
    at rr (node:internal/cluster/child:163:12)
    at Worker.<anonymous> (node:internal/cluster/child:113:7)
    at process.onInternalMessage (node:internal/cluster/utils:49:5)
    at process.emit (node:events:526:35)
    at process.emit (/Users/Macbookpro/.npm-global/lib/node_modules/pm2/node_modules/source-map-support/source-map-support.js:516:21)
    at emit (node:internal/child_process:951:14)
    at processTicksAndRejections (node:internal/process/task_queues:83:21)
2025-12-18 16:02:52: Warning: connect.session() MemoryStore is not
designed for a production environment, as it will leak
memory, and will not scale past a single process.
Error: bind EADDRINUSE null:3001
    at listenOnPrimaryHandle (node:net:1940:18)
    at rr (node:internal/cluster/child:163:12)
    at Worker.<anonymous> (node:internal/cluster/child:113:7)
    at process.onInternalMessage (node:internal/cluster/utils:49:5)
    at process.emit (node:events:526:35)
    at process.emit (/Users/Macbookpro/.npm-global/lib/node_modules/pm2/node_modules/source-map-support/source-map-support.js:516:21)
    at emit (node:internal/child_process:951:14)
    at processTicksAndRejections (node:internal/process/task_queues:83:21)
2025-12-18 16:02:52: Warning: connect.session() MemoryStore is not
designed for a production environment, as it will leak
memory, and will not scale past a single process.
Error: bind EADDRINUSE null:3001
    at listenOnPrimaryHandle (node:net:1940:18)
    at rr (node:internal/cluster/child:163:12)
    at Worker.<anonymous> (node:internal/cluster/child:113:7)
    at process.onInternalMessage (node:internal/cluster/utils:49:5)
    at process.emit (node:events:526:35)
    at process.emit (/Users/Macbookpro/.npm-global/lib/node_modules/pm2/node_modules/source-map-support/source-map-support.js:516:21)
    at emit (node:internal/child_process:951:14)
    at processTicksAndRejections (node:internal/process/task_queues:83:21)
2025-12-18 16:02:52: Warning: connect.session() MemoryStore is not
designed for a production environment, as it will leak
memory, and will not scale past a single process.
Error: bind EADDRINUSE null:3001
    at listenOnPrimaryHandle (node:net:1940:18)
    at rr (node:internal/cluster/child:163:12)
    at Worker.<anonymous> (node:internal/cluster/child:113:7)
    at process.onInternalMessage (node:internal/cluster/utils:49:5)
    at process.emit (node:events:526:35)
    at process.emit (/Users/Macbookpro/.npm-global/lib/node_modules/pm2/node_modules/source-map-support/source-map-support.js:516:21)
    at emit (node:internal/child_process:951:14)
    at processTicksAndRejections (node:internal/process/task_queues:83:21)
2025-12-18 16:02:52: Warning: connect.session() MemoryStore is not
designed for a production environment, as it will leak
memory, and will not scale past a single process.
Error: bind EADDRINUSE null:3001
    at listenOnPrimaryHandle (node:net:1940:18)
    at rr (node:internal/cluster/child:163:12)
    at Worker.<anonymous> (node:internal/cluster/child:113:7)
    at process.onInternalMessage (node:internal/cluster/utils:49:5)
    at process.emit (node:events:526:35)
    at process.emit (/Users/Macbookpro/.npm-global/lib/node_modules/pm2/node_modules/source-map-support/source-map-support.js:516:21)
    at emit (node:internal/child_process:951:14)
    at processTicksAndRejections (node:internal/process/task_queues:83:21)
2025-12-18 16:02:52: Warning: connect.session() MemoryStore is not
designed for a production environment, as it will leak
memory, and will not scale past a single process.
Error: bind EADDRINUSE null:3001
    at listenOnPrimaryHandle (node:net:1940:18)
    at rr (node:internal/cluster/child:163:12)
    at Worker.<anonymous> (node:internal/cluster/child:113:7)
    at process.onInternalMessage (node:internal/cluster/utils:49:5)
    at process.emit (node:events:526:35)
    at process.emit (/Users/Macbookpro/.npm-global/lib/node_modules/pm2/node_modules/source-map-support/source-map-support.js:516:21)
    at emit (node:internal/child_process:951:14)
    at processTicksAndRejections (node:internal/process/task_queues:83:21)
2025-12-18 16:02:52: Warning: connect.session() MemoryStore is not
designed for a production environment, as it will leak
memory, and will not scale past a single process.
Error: bind EADDRINUSE null:3001
    at listenOnPrimaryHandle (node:net:1940:18)
    at rr (node:internal/cluster/child:163:12)
    at Worker.<anonymous> (node:internal/cluster/child:113:7)
    at process.onInternalMessage (node:internal/cluster/utils:49:5)
    at process.emit (node:events:526:35)
    at process.emit (/Users/Macbookpro/.npm-global/lib/node_modules/pm2/node_modules/source-map-support/source-map-support.js:516:21)
    at emit (node:internal/child_process:951:14)
    at processTicksAndRejections (node:internal/process/task_queues:83:21)
2025-12-18 16:04:46: Warning: connect.session() MemoryStore is not
designed for a production environment, as it will leak
memory, and will not scale past a single process.
2025-12-18 16:09:13: Warning: connect.session() MemoryStore is not
designed for a production environment, as it will leak
memory, and will not scale past a single process.
2025-12-18 16:14:25: Warning: connect.session() MemoryStore is not
designed for a production environment, as it will leak
memory, and will not scale past a single process.
2025-12-18 16:15:52: Warning: connect.session() MemoryStore is not
designed for a production environment, as it will leak
memory, and will not scale past a single process.
2025-12-18 22:26:41: Warning: connect.session() MemoryStore is not
designed for a production environment, as it will leak
memory, and will not scale past a single process.
2025-12-22 17:03:55: Warning: connect.session() MemoryStore is not
designed for a production environment, as it will leak
memory, and will not scale past a single process.
2025-12-22 17:06:40: Warning: connect.session() MemoryStore is not
designed for a production environment, as it will leak
memory, and will not scale past a single process.
2025-12-22 17:08:32: Warning: connect.session() MemoryStore is not
designed for a production environment, as it will leak
memory, and will not scale past a single process.
2025-12-22 17:13:27: Warning: connect.session() MemoryStore is not
designed for a production environment, as it will leak
memory, and will not scale past a single process.
2025-12-23 18:54:31: Warning: connect.session() MemoryStore is not
designed for a production environment, as it will leak
memory, and will not scale past a single process.
2025-12-23 18:57:53: Warning: connect.session() MemoryStore is not
designed for a production environment, as it will leak
memory, and will not scale past a single process.
2025-12-23 18:59:02: Warning: connect.session() MemoryStore is not
designed for a production environment, as it will leak
memory, and will not scale past a single process.
2025-12-23 18:59:06: Warning: connect.session() MemoryStore is not
designed for a production environment, as it will leak
memory, and will not scale past a single process.
2025-12-23 19:00:35: Warning: connect.session() MemoryStore is not
designed for a production environment, as it will leak
memory, and will not scale past a single process.
2025-12-23 19:00:37: Warning: connect.session() MemoryStore is not
designed for a production environment, as it will leak
memory, and will not scale past a single process.
